<?xml version="1.0" encoding="UTF-8"?>
<testng-results ignored="0" total="1" passed="1" failed="0" skipped="0">
  <reporter-output>
  </reporter-output>
  <suite started-at="2025-03-12T19:00:24 COT" name="Surefire suite" finished-at="2025-03-12T19:00:38 COT" duration-ms="13278">
    <groups>
    </groups>
    <test started-at="2025-03-12T19:00:24 COT" name="Surefire test" finished-at="2025-03-12T19:00:38 COT" duration-ms="13278">
      <class name="tests.LogoutTest">
        <test-method is-config="true" signature="setUp()[pri:0, instance:tests.LogoutTest@6ac13091]" started-at="2025-03-12T19:00:24 COT" name="setUp" finished-at="2025-03-12T19:00:31 COT" duration-ms="6235" status="PASS">
          <reporter-output>
          </reporter-output>
        </test-method> <!-- setUp -->
        <test-method signature="logoutAndCheckRedirection(java.lang.String,java.lang.String)[pri:0, instance:tests.LogoutTest@6ac13091]" started-at="2025-03-12T19:00:31 COT" name="logoutAndCheckRedirection" data-provider="validUsers" finished-at="2025-03-12T19:00:36 COT" duration-ms="5675" status="PASS">
          <params>
            <param index="0">
              <value>
                <![CDATA[standard_user]]>
              </value>
            </param>
            <param index="1">
              <value>
                <![CDATA[secret_sauce]]>
              </value>
            </param>
          </params>
          <reporter-output>
          </reporter-output>
        </test-method> <!-- logoutAndCheckRedirection -->
        <test-method is-config="true" signature="tearDown()[pri:0, instance:tests.LogoutTest@6ac13091]" started-at="2025-03-12T19:00:36 COT" name="tearDown" finished-at="2025-03-12T19:00:38 COT" duration-ms="1277" status="PASS">
          <reporter-output>
          </reporter-output>
        </test-method> <!-- tearDown -->
      </class> <!-- tests.LogoutTest -->
    </test> <!-- Surefire test -->
  </suite> <!-- Surefire suite -->
</testng-results>
